<?xml version="1.0" encoding="UTF-8"?>
<testng-results ignored="0" total="1" passed="1" failed="0" skipped="0">
  <reporter-output>
  </reporter-output>
  <suite started-at="2020-08-08T23:32:20Z" name="TestSuite" finished-at="2020-08-08T23:32:42Z" duration-ms="21762">
    <groups>
      <group name="cucumber">
        <method signature="TestRunner.feature(cucumber.api.testng.CucumberFeatureWrapper)[pri:0, instance:myRunner.TestRunner@23986957]" name="feature" class="myRunner.TestRunner"/>
      </group> <!-- cucumber -->
    </groups>
    <test started-at="2020-08-08T23:32:20Z" name="LetsCodeit_app" finished-at="2020-08-08T23:32:42Z" duration-ms="21762">
      <class name="myRunner.TestRunner">
        <test-method is-config="true" signature="setUpClass()[pri:0, instance:myRunner.TestRunner@23986957]" started-at="2020-08-08T23:32:20Z" name="setUpClass" finished-at="2020-08-08T23:32:20Z" duration-ms="229" status="PASS">
          <reporter-output>
          </reporter-output>
        </test-method> <!-- setUpClass -->
        <test-method signature="feature(cucumber.api.testng.CucumberFeatureWrapper)[pri:0, instance:myRunner.TestRunner@23986957]" started-at="2020-08-08T23:32:20Z" name="feature" description="Runs Cucumber Feature" data-provider="features" finished-at="2020-08-08T23:32:42Z" duration-ms="21377" status="PASS">
          <params>
            <param index="0">
              <value>
                <![CDATA[Free CRM Login Feature]]>
              </value>
            </param>
          </params>
          <reporter-output>
          </reporter-output>
        </test-method> <!-- feature -->
        <test-method is-config="true" signature="tearDownClass()[pri:0, instance:myRunner.TestRunner@23986957]" started-at="2020-08-08T23:32:42Z" name="tearDownClass" finished-at="2020-08-08T23:32:42Z" duration-ms="44" status="PASS">
          <reporter-output>
          </reporter-output>
        </test-method> <!-- tearDownClass -->
      </class> <!-- myRunner.TestRunner -->
    </test> <!-- LetsCodeit_app -->
  </suite> <!-- TestSuite -->
</testng-results>
